<?xml version="1.0" encoding="UTF-8"?>
<!-- Generated by org.testng.reporters.JUnitReportReporter -->
<testsuite hostname="DESKTOP-KLQVVIN" failures="0" tests="1" name="com.CRM.TestCases.LoginPageTestCase" time="0.783" errors="0" timestamp="2024-12-11T12:55:13 IST" skipped="0">
  <testcase classname="com.CRM.TestCases.LoginPageTestCase" name="verifyLogin" time="0.783"/>
  <system-out/>
</testsuite> <!-- com.CRM.TestCases.LoginPageTestCase -->
