<?xml version="1.0" encoding="UTF-8"?>
<!-- Generated by org.testng.reporters.JUnitReportReporter -->
<testsuite hostname="DESKTOP-KLQVVIN" failures="0" tests="3" name="com.CRM.TestCases.HomePageTestCase" time="0.733" errors="0" timestamp="2024-12-11T12:55:13 IST" skipped="0">
  <testcase classname="com.CRM.TestCases.HomePageTestCase" name="verifyURL" time="0.018"/>
  <system-out/>
  <testcase classname="com.CRM.TestCases.HomePageTestCase" name="verifyTitle" time="0.010"/>
  <system-out/>
  <testcase classname="com.CRM.TestCases.HomePageTestCase" name="verifySigninLink" time="0.705"/>
  <system-out/>
</testsuite> <!-- com.CRM.TestCases.HomePageTestCase -->
