<?xml version="1.0" encoding="UTF-8"?>
<!-- Generated by org.testng.reporters.JUnitReportReporter -->
<testsuite hostname="DESKTOP-KLQVVIN" failures="0" tests="3" name="com.CRM.TestCases.HomePageTestCase" time="0.705" errors="0" timestamp="2024-12-11T15:37:38 IST" skipped="0">
  <testcase classname="com.CRM.TestCases.HomePageTestCase" name="verifyURL" time="0.014"/>
  <system-out/>
  <testcase classname="com.CRM.TestCases.HomePageTestCase" name="verifyTitle" time="0.009"/>
  <system-out/>
  <testcase classname="com.CRM.TestCases.HomePageTestCase" name="verifySigninLink" time="0.682"/>
  <system-out/>
</testsuite> <!-- com.CRM.TestCases.HomePageTestCase -->
