<?xml version="1.0" encoding="UTF-8"?>
<!-- Generated by org.testng.reporters.JUnitReportReporter -->
<testsuite hostname="DESKTOP-KLQVVIN" failures="0" tests="1" name="com.CRM.TestCases.LoginPageTestCase" time="0.743" errors="0" timestamp="2024-12-11T15:37:38 IST" skipped="0">
  <testcase classname="com.CRM.TestCases.LoginPageTestCase" name="verifyLogin" time="0.743"/>
  <system-out/>
</testsuite> <!-- com.CRM.TestCases.LoginPageTestCase -->
